2018-09-26 20:13:59,604 - root - INFO - running environment: development
2018-09-26 20:13:59,891 - root - INFO - running environment: development
2018-09-26 20:15:29,985 - root - INFO - running environment: development
2018-09-26 20:16:57,908 - root - INFO - running environment: development
2018-09-26 20:16:58,173 - root - INFO - running environment: development
2018-09-26 20:17:03,311 - root - ERROR - 404 Not Found: The requested URL was not found on the server.  If you entered the URL manually please check your spelling and try again.
2018-09-26 20:17:03,312 - root - ERROR - 404 Not Found: The requested URL was not found on the server.  If you entered the URL manually please check your spelling and try again.
2018-09-26 20:17:03,812 - root - ERROR - 404 Not Found: The requested URL was not found on the server.  If you entered the URL manually please check your spelling and try again.
2018-09-26 20:17:03,888 - root - ERROR - 404 Not Found: The requested URL was not found on the server.  If you entered the URL manually please check your spelling and try again.
2018-09-26 20:17:07,381 - root - ERROR - 404 Not Found: The requested URL was not found on the server.  If you entered the URL manually please check your spelling and try again.
2018-09-26 20:17:07,382 - root - ERROR - 404 Not Found: The requested URL was not found on the server.  If you entered the URL manually please check your spelling and try again.
2018-09-26 20:24:05,017 - root - INFO - running environment: development
2018-09-26 20:24:05,294 - root - INFO - running environment: development
2018-09-26 20:24:09,074 - root - ERROR - 404 Not Found: The requested URL was not found on the server.  If you entered the URL manually please check your spelling and try again.
2018-09-26 20:24:09,076 - root - ERROR - 404 Not Found: The requested URL was not found on the server.  If you entered the URL manually please check your spelling and try again.
2018-09-26 20:37:30,556 - root - INFO - running environment: development
2018-09-26 20:37:30,839 - root - INFO - running environment: development
2018-09-26 20:37:36,227 - root - ERROR - 404 Not Found: The requested URL was not found on the server.  If you entered the URL manually please check your spelling and try again.
2018-09-26 20:37:36,228 - root - ERROR - 404 Not Found: The requested URL was not found on the server.  If you entered the URL manually please check your spelling and try again.
2018-09-26 20:37:36,286 - root - ERROR - 404 Not Found: The requested URL was not found on the server.  If you entered the URL manually please check your spelling and try again.
2018-09-26 20:37:57,208 - root - ERROR - 404 Not Found: The requested URL was not found on the server.  If you entered the URL manually please check your spelling and try again.
2018-09-26 20:37:57,209 - root - ERROR - 404 Not Found: The requested URL was not found on the server.  If you entered the URL manually please check your spelling and try again.
2018-09-26 21:49:09,674 - root - INFO - running environment: development
2018-09-26 21:49:09,991 - root - INFO - running environment: development
2018-09-26 21:49:19,615 - root - ERROR - 404 Not Found: The requested URL was not found on the server.  If you entered the URL manually please check your spelling and try again.
2018-09-26 21:49:19,616 - root - ERROR - 404 Not Found: The requested URL was not found on the server.  If you entered the URL manually please check your spelling and try again.
2018-09-26 23:09:37,679 - root - INFO - running environment: development
2018-09-26 23:09:38,321 - root - INFO - running environment: development
2018-09-26 23:09:47,047 - root - ERROR - 404 Not Found: The requested URL was not found on the server.  If you entered the URL manually please check your spelling and try again.
2018-09-26 23:09:47,048 - root - ERROR - 404 Not Found: The requested URL was not found on the server.  If you entered the URL manually please check your spelling and try again.
2018-09-26 23:09:47,340 - root - ERROR - 404 Not Found: The requested URL was not found on the server.  If you entered the URL manually please check your spelling and try again.
2018-09-26 23:14:29,451 - root - INFO - running environment: development
2018-09-26 23:14:30,023 - root - INFO - running environment: development
2018-09-26 23:14:36,971 - root - ERROR - 404 Not Found: The requested URL was not found on the server.  If you entered the URL manually please check your spelling and try again.
2018-09-26 23:14:36,976 - root - ERROR - 404 Not Found: The requested URL was not found on the server.  If you entered the URL manually please check your spelling and try again.
2018-09-26 23:15:58,336 - root - ERROR - 404 Not Found: The requested URL was not found on the server.  If you entered the URL manually please check your spelling and try again.
2018-09-26 23:15:58,341 - root - ERROR - 404 Not Found: The requested URL was not found on the server.  If you entered the URL manually please check your spelling and try again.
2018-09-26 23:17:10,511 - root - ERROR - 404 Not Found: The requested URL was not found on the server.  If you entered the URL manually please check your spelling and try again.
2018-09-26 23:17:10,516 - root - ERROR - 404 Not Found: The requested URL was not found on the server.  If you entered the URL manually please check your spelling and try again.
2018-09-26 23:32:46,041 - root - INFO - running environment: development
2018-09-26 23:32:46,751 - root - INFO - running environment: development
2018-09-26 23:33:29,936 - root - ERROR - 404 Not Found: The requested URL was not found on the server.  If you entered the URL manually please check your spelling and try again.
2018-09-26 23:33:29,948 - root - ERROR - 404 Not Found: The requested URL was not found on the server.  If you entered the URL manually please check your spelling and try again.
2018-09-26 23:33:30,077 - root - ERROR - 404 Not Found: The requested URL was not found on the server.  If you entered the URL manually please check your spelling and try again.
2018-09-26 23:34:07,329 - root - ERROR - 404 Not Found: The requested URL was not found on the server.  If you entered the URL manually please check your spelling and try again.
2018-09-26 23:34:07,331 - root - ERROR - 404 Not Found: The requested URL was not found on the server.  If you entered the URL manually please check your spelling and try again.
2018-09-26 23:34:07,459 - root - ERROR - 404 Not Found: The requested URL was not found on the server.  If you entered the URL manually please check your spelling and try again.
2018-09-26 23:42:34,537 - root - ERROR - 404 Not Found: The requested URL was not found on the server.  If you entered the URL manually please check your spelling and try again.
2018-09-26 23:42:34,558 - root - ERROR - 404 Not Found: The requested URL was not found on the server.  If you entered the URL manually please check your spelling and try again.
2018-09-26 23:44:26,898 - root - ERROR - 404 Not Found: The requested URL was not found on the server.  If you entered the URL manually please check your spelling and try again.
2018-09-26 23:44:26,899 - root - ERROR - 404 Not Found: The requested URL was not found on the server.  If you entered the URL manually please check your spelling and try again.
2018-09-26 23:44:26,988 - root - ERROR - 404 Not Found: The requested URL was not found on the server.  If you entered the URL manually please check your spelling and try again.
2018-09-26 23:46:00,126 - root - ERROR - 404 Not Found: The requested URL was not found on the server.  If you entered the URL manually please check your spelling and try again.
2018-09-26 23:46:00,128 - root - ERROR - 404 Not Found: The requested URL was not found on the server.  If you entered the URL manually please check your spelling and try again.
2018-09-26 23:46:32,233 - root - ERROR - 404 Not Found: The requested URL was not found on the server.  If you entered the URL manually please check your spelling and try again.
2018-09-26 23:46:32,236 - root - ERROR - 404 Not Found: The requested URL was not found on the server.  If you entered the URL manually please check your spelling and try again.
2018-09-26 23:48:50,559 - root - ERROR - 404 Not Found: The requested URL was not found on the server.  If you entered the URL manually please check your spelling and try again.
2018-09-26 23:48:50,567 - root - ERROR - 404 Not Found: The requested URL was not found on the server.  If you entered the URL manually please check your spelling and try again.
2018-09-26 23:48:50,647 - root - ERROR - 404 Not Found: The requested URL was not found on the server.  If you entered the URL manually please check your spelling and try again.
2018-09-27 00:43:59,467 - root - INFO - running environment: development
2018-09-27 00:44:00,078 - root - INFO - running environment: development
2018-09-27 00:44:08,939 - root - ERROR - 404 Not Found: The requested URL was not found on the server.  If you entered the URL manually please check your spelling and try again.
2018-09-27 00:44:08,945 - root - ERROR - 404 Not Found: The requested URL was not found on the server.  If you entered the URL manually please check your spelling and try again.
2018-09-27 00:44:09,269 - root - ERROR - 404 Not Found: The requested URL was not found on the server.  If you entered the URL manually please check your spelling and try again.
2018-09-27 00:44:49,351 - root - ERROR - 404 Not Found: The requested URL was not found on the server.  If you entered the URL manually please check your spelling and try again.
2018-09-27 00:44:49,363 - root - ERROR - 404 Not Found: The requested URL was not found on the server.  If you entered the URL manually please check your spelling and try again.
2018-09-27 00:50:27,950 - root - ERROR - 404 Not Found: The requested URL was not found on the server.  If you entered the URL manually please check your spelling and try again.
2018-09-27 00:50:27,951 - root - ERROR - 404 Not Found: The requested URL was not found on the server.  If you entered the URL manually please check your spelling and try again.
2018-09-27 15:30:35,376 - root - INFO - running environment: development
2018-09-27 15:30:35,758 - root - INFO - running environment: development
2018-09-27 15:30:46,807 - root - ERROR - 404 Not Found: The requested URL was not found on the server.  If you entered the URL manually please check your spelling and try again.
2018-09-27 15:30:47,011 - root - ERROR - 404 Not Found: The requested URL was not found on the server.  If you entered the URL manually please check your spelling and try again.
2018-09-27 15:56:14,047 - root - INFO - running environment: development
2018-09-27 15:56:14,385 - root - INFO - running environment: development
2018-09-27 15:56:21,379 - root - ERROR - 404 Not Found: The requested URL was not found on the server.  If you entered the URL manually please check your spelling and try again.
2018-09-27 16:12:43,154 - root - INFO - running environment: development
2018-09-27 16:12:43,495 - root - INFO - running environment: development
2018-09-27 16:12:57,114 - root - ERROR - 404 Not Found: The requested URL was not found on the server.  If you entered the URL manually please check your spelling and try again.
2018-09-27 16:18:30,532 - root - INFO - running environment: development
2018-09-27 16:18:30,865 - root - INFO - running environment: development
2018-09-27 16:19:20,007 - root - INFO - running environment: development
2018-09-27 16:21:19,206 - root - INFO - running environment: development
2018-09-27 16:21:19,566 - root - INFO - running environment: development
2018-09-27 16:21:25,530 - root - ERROR - 404 Not Found: The requested URL was not found on the server.  If you entered the URL manually please check your spelling and try again.
2018-09-27 16:29:48,893 - root - INFO - running environment: development
2018-09-27 16:29:49,236 - root - INFO - running environment: development
2018-09-27 18:35:14,849 - root - INFO - running environment: None
2018-09-27 18:38:55,260 - root - INFO - running environment: None
2018-09-27 18:41:33,198 - root - INFO - running environment: None
2018-09-27 18:41:33,613 - root - INFO - running environment: None
2018-09-27 19:01:15,256 - root - INFO - running environment: None
2018-09-27 19:01:15,823 - root - INFO - running environment: None
2018-09-27 19:22:29,413 - root - INFO - running environment: None
2018-09-27 19:22:29,900 - root - INFO - running environment: None
2018-09-27 19:25:26,587 - root - INFO - running environment: None
2018-09-27 19:25:27,122 - root - INFO - running environment: None
2018-09-27 19:27:13,706 - root - INFO - running environment: None
2018-09-27 19:27:14,195 - root - INFO - running environment: None
2018-09-27 19:51:04,131 - root - INFO - running environment: None
2018-09-27 19:51:04,528 - root - INFO - running environment: None
2018-09-27 19:55:13,729 - root - INFO - running environment: None
2018-09-27 19:55:14,273 - root - INFO - running environment: None
2018-09-27 20:07:10,576 - root - INFO - running environment: None
2018-09-27 20:07:11,162 - root - INFO - running environment: None
2018-09-27 20:15:34,605 - root - INFO - running environment: None
2018-09-27 20:15:35,082 - root - INFO - running environment: None
2018-09-27 20:17:14,798 - root - INFO - running environment: None
2018-09-27 20:17:15,243 - root - INFO - running environment: None
2018-09-27 20:17:58,034 - root - INFO - running environment: None
2018-09-27 20:17:58,695 - root - INFO - running environment: None
2018-09-27 20:19:59,716 - root - INFO - running environment: None
2018-09-27 20:20:00,239 - root - INFO - running environment: None
2018-09-27 20:20:34,969 - root - INFO - running environment: None
2018-09-27 20:20:35,411 - root - INFO - running environment: None
2018-09-27 20:24:05,120 - root - INFO - running environment: None
2018-09-27 20:24:05,668 - root - INFO - running environment: None
2018-09-27 20:25:07,020 - root - INFO - running environment: None
2018-09-27 20:25:07,440 - root - INFO - running environment: None
2018-09-27 20:28:56,342 - root - INFO - running environment: None
2018-09-27 20:28:56,768 - root - INFO - running environment: None
2018-09-27 20:38:17,597 - root - INFO - running environment: None
2018-09-27 20:38:18,013 - root - INFO - running environment: None
2018-09-27 20:53:51,473 - root - INFO - running environment: None
2018-09-27 20:53:52,011 - root - INFO - running environment: None
2018-09-27 21:06:10,242 - root - INFO - running environment: None
2018-09-27 21:06:10,724 - root - INFO - running environment: None
2018-09-27 21:10:41,910 - root - INFO - running environment: None
2018-09-27 21:10:42,325 - root - INFO - running environment: None
2018-09-27 21:29:54,600 - root - INFO - running environment: None
2018-09-27 21:29:55,070 - root - INFO - running environment: None
2018-09-27 23:49:58,131 - root - INFO - running environment: None
2018-09-27 23:49:59,095 - root - INFO - running environment: None
2018-09-28 00:19:53,614 - root - INFO - running environment: None
2018-09-28 00:19:54,320 - root - INFO - running environment: None
2018-09-28 00:23:10,651 - root - INFO - running environment: None
2018-09-28 00:23:11,525 - root - INFO - running environment: None
2018-09-28 13:13:07,311 - root - INFO - running environment: None
2018-09-28 13:13:08,141 - root - INFO - running environment: None
2018-09-28 13:39:45,703 - root - INFO - running environment: None
2018-09-28 13:39:46,428 - root - INFO - running environment: None
2018-09-28 17:27:51,226 - root - INFO - running environment: None
2018-09-28 17:27:51,680 - root - INFO - running environment: None
2018-09-28 18:26:31,446 - root - INFO - running environment: None
2018-09-28 18:26:31,859 - root - INFO - running environment: None
2018-09-28 18:28:18,029 - root - ERROR - 404 Not Found: The requested URL was not found on the server.  If you entered the URL manually please check your spelling and try again.
2018-09-28 18:46:36,755 - root - INFO - running environment: None
2018-09-28 19:29:21,579 - root - INFO - running environment: None
2018-09-28 19:29:22,260 - root - INFO - running environment: None
2018-09-28 19:32:57,224 - root - INFO - running environment: None
2018-09-28 19:32:58,001 - root - INFO - running environment: None
2018-09-28 19:45:05,145 - root - INFO - running environment: None
2018-09-28 19:45:05,847 - root - INFO - running environment: None
2018-09-28 19:50:56,622 - root - INFO - running environment: None
2018-09-28 19:50:57,378 - root - INFO - running environment: None
2018-09-28 19:59:34,049 - root - INFO - running environment: None
2018-09-28 19:59:34,893 - root - INFO - running environment: None
2018-09-28 20:04:48,356 - root - INFO - running environment: None
2018-09-28 20:04:49,071 - root - INFO - running environment: None
2018-09-28 21:11:08,108 - root - INFO - running environment: None
2018-09-28 21:11:09,339 - root - INFO - running environment: None
2018-09-28 21:12:34,464 - root - INFO - running environment: None
2018-09-28 21:12:35,704 - root - INFO - running environment: None
2018-09-28 21:18:59,247 - root - INFO - running environment: None
2018-09-28 21:19:00,532 - root - INFO - running environment: None
2018-09-28 21:33:27,261 - root - INFO - running environment: None
2018-09-28 21:33:28,717 - root - INFO - running environment: None
2018-09-28 21:37:33,979 - root - INFO - running environment: None
2018-09-28 21:37:35,320 - root - INFO - running environment: None
2018-09-29 00:55:00,892 - root - INFO - running environment: None
2018-09-29 00:55:02,156 - root - INFO - running environment: None
2018-09-29 00:57:44,886 - root - INFO - running environment: None
2018-09-29 00:57:46,377 - root - INFO - running environment: None
2018-09-29 01:02:16,924 - root - INFO - running environment: None
2018-09-29 01:02:18,149 - root - INFO - running environment: None
2018-09-29 01:03:14,770 - root - INFO - running environment: None
2018-09-29 01:03:15,881 - root - INFO - running environment: None
2018-09-29 01:04:21,351 - root - INFO - running environment: None
2018-09-29 01:04:22,663 - root - INFO - running environment: None
2018-09-29 01:09:32,936 - root - INFO - running environment: None
2018-09-29 01:09:34,161 - root - INFO - running environment: None
2018-09-29 01:24:24,913 - root - INFO - running environment: None
2018-09-29 01:24:26,210 - root - INFO - running environment: None
2018-09-29 01:28:15,130 - root - INFO - running environment: None
2018-09-29 01:29:16,378 - root - INFO - running environment: None
2018-09-29 01:34:18,286 - root - INFO - running environment: None
2018-09-29 01:34:19,272 - root - INFO - running environment: None
2018-09-29 01:38:06,284 - root - INFO - running environment: None
2018-09-29 01:38:07,262 - root - INFO - running environment: None
2018-09-29 01:39:32,564 - root - INFO - running environment: None
2018-09-29 01:39:33,550 - root - INFO - running environment: None
2018-09-29 01:42:33,768 - root - INFO - running environment: None
2018-09-29 01:42:35,264 - root - INFO - running environment: None
2018-09-29 01:44:30,668 - root - INFO - running environment: None
2018-09-29 01:44:31,650 - root - INFO - running environment: None
2018-09-29 02:30:11,744 - root - INFO - running environment: None
2018-09-29 02:30:13,301 - root - INFO - running environment: None
2018-09-29 02:31:24,899 - root - ERROR - 404 Not Found: The requested URL was not found on the server.  If you entered the URL manually please check your spelling and try again.
2018-09-29 14:45:36,329 - root - INFO - running environment: None
2018-09-29 14:45:36,932 - root - INFO - running environment: None
2018-09-29 14:45:53,797 - root - INFO - running environment: None
2018-09-29 14:45:54,225 - root - INFO - running environment: None
2018-09-30 17:29:06,358 - root - INFO - running environment: None
2018-09-30 17:29:07,198 - root - INFO - running environment: None
2018-09-30 17:29:26,354 - root - ERROR - 404 Not Found: The requested URL was not found on the server.  If you entered the URL manually please check your spelling and try again.
2018-10-04 23:03:00,278 - root - INFO - running environment: None
2018-10-04 23:03:01,055 - root - INFO - running environment: None
2018-10-04 23:04:37,027 - root - ERROR - 404 Not Found: The requested URL was not found on the server.  If you entered the URL manually please check your spelling and try again.
2018-10-04 23:14:17,761 - root - INFO - running environment: None
2018-10-04 23:14:18,223 - root - INFO - running environment: None
2018-10-04 23:32:20,100 - root - INFO - running environment: None
2018-10-04 23:32:20,834 - root - INFO - running environment: None
2018-10-04 23:35:54,046 - root - INFO - running environment: None
2018-10-04 23:35:54,866 - root - INFO - running environment: None
2018-10-04 23:39:12,572 - root - INFO - running environment: None
2018-10-04 23:39:13,025 - root - INFO - running environment: None
2018-10-05 15:50:36,846 - root - INFO - running environment: None
2018-10-05 15:50:37,321 - root - INFO - running environment: None
2018-10-05 19:40:00,257 - root - INFO - running environment: None
2018-10-05 19:40:00,703 - root - INFO - running environment: None
2018-10-05 19:59:47,002 - root - INFO - running environment: None
2018-10-05 19:59:47,874 - root - INFO - running environment: None
2018-10-05 20:01:53,145 - root - ERROR - 404 Not Found: The requested URL was not found on the server.  If you entered the URL manually please check your spelling and try again.
2018-10-31 21:16:18,780 - root - INFO - running environment: None
2018-10-31 21:16:19,360 - root - INFO - running environment: None
2018-10-31 21:16:43,284 - root - ERROR - 404 Not Found: The requested URL was not found on the server.  If you entered the URL manually please check your spelling and try again.
2018-10-31 21:21:50,625 - root - ERROR - 404 Not Found: The requested URL was not found on the server.  If you entered the URL manually please check your spelling and try again.
2018-10-31 21:24:23,831 - root - ERROR - 404 Not Found: The requested URL was not found on the server.  If you entered the URL manually please check your spelling and try again.
2018-10-31 22:13:58,660 - root - INFO - running environment: None
2018-10-31 22:13:59,144 - root - INFO - running environment: None
2018-10-31 22:18:32,868 - root - INFO - running environment: None
2018-10-31 22:18:33,607 - root - INFO - running environment: None
2018-10-31 22:21:10,358 - root - INFO - running environment: None
2018-10-31 22:21:10,857 - root - INFO - running environment: None
2018-10-31 22:30:17,268 - root - INFO - running environment: None
2018-10-31 22:30:17,694 - root - INFO - running environment: None
2018-10-31 22:32:03,496 - root - INFO - running environment: None
2018-10-31 22:32:04,228 - root - INFO - running environment: None
2018-10-31 22:32:34,518 - root - ERROR - 404 Not Found: The requested URL was not found on the server.  If you entered the URL manually please check your spelling and try again.
2018-10-31 22:33:10,859 - root - ERROR - 404 Not Found: The requested URL was not found on the server.  If you entered the URL manually please check your spelling and try again.
2018-11-01 17:57:09,505 - root - INFO - running environment: None
2018-11-01 17:57:10,033 - root - INFO - running environment: None
2018-11-01 17:58:04,377 - root - ERROR - 404 Not Found: The requested URL was not found on the server.  If you entered the URL manually please check your spelling and try again.
2018-11-01 18:02:53,166 - root - ERROR - 404 Not Found: The requested URL was not found on the server.  If you entered the URL manually please check your spelling and try again.
2018-11-01 18:02:53,280 - root - ERROR - 404 Not Found: The requested URL was not found on the server.  If you entered the URL manually please check your spelling and try again.
2018-11-01 18:30:56,474 - root - INFO - running environment: None
2018-11-01 18:30:57,100 - root - INFO - running environment: None
2018-11-01 18:31:15,286 - root - ERROR - 404 Not Found: The requested URL was not found on the server.  If you entered the URL manually please check your spelling and try again.
2018-11-01 18:31:27,372 - root - ERROR - 404 Not Found: The requested URL was not found on the server.  If you entered the URL manually please check your spelling and try again.
2018-11-01 18:31:53,226 - root - ERROR - 404 Not Found: The requested URL was not found on the server.  If you entered the URL manually please check your spelling and try again.
2018-11-01 18:34:37,550 - root - ERROR - 404 Not Found: The requested URL was not found on the server.  If you entered the URL manually please check your spelling and try again.
2018-11-01 18:34:57,357 - root - ERROR - 404 Not Found: The requested URL was not found on the server.  If you entered the URL manually please check your spelling and try again.
2018-11-01 18:35:30,341 - root - ERROR - 404 Not Found: The requested URL was not found on the server.  If you entered the URL manually please check your spelling and try again.
2018-11-01 18:35:47,059 - root - ERROR - 404 Not Found: The requested URL was not found on the server.  If you entered the URL manually please check your spelling and try again.
2018-11-01 18:36:17,494 - root - ERROR - 404 Not Found: The requested URL was not found on the server.  If you entered the URL manually please check your spelling and try again.
2018-11-01 18:36:44,719 - root - ERROR - 404 Not Found: The requested URL was not found on the server.  If you entered the URL manually please check your spelling and try again.
2018-11-01 19:05:59,840 - root - INFO - running environment: None
2018-11-01 19:06:00,359 - root - INFO - running environment: None
2018-11-01 19:06:22,559 - root - ERROR - 404 Not Found: The requested URL was not found on the server.  If you entered the URL manually please check your spelling and try again.
2018-11-01 19:06:22,561 - root - ERROR - 404 Not Found: The requested URL was not found on the server.  If you entered the URL manually please check your spelling and try again.
2018-11-01 19:06:22,889 - root - ERROR - 404 Not Found: The requested URL was not found on the server.  If you entered the URL manually please check your spelling and try again.
2018-11-01 19:07:25,948 - root - INFO - running environment: None
2018-11-01 19:07:29,502 - root - ERROR - 404 Not Found: The requested URL was not found on the server.  If you entered the URL manually please check your spelling and try again.
2018-11-01 19:10:14,097 - root - INFO - running environment: None
2018-11-01 19:10:14,824 - root - INFO - running environment: None
2018-11-01 19:14:08,513 - root - INFO - running environment: None
2018-11-01 19:14:09,023 - root - INFO - running environment: None
2018-11-01 19:18:02,414 - root - INFO - running environment: None
2018-11-01 19:18:02,872 - root - INFO - running environment: None
2018-11-01 19:20:56,913 - root - INFO - running environment: None
2018-11-01 19:20:57,472 - root - INFO - running environment: None
2018-11-01 19:27:14,444 - root - INFO - running environment: None
2018-11-01 19:27:14,938 - root - INFO - running environment: None
2018-11-01 19:30:23,923 - root - INFO - running environment: None
2018-11-01 19:30:24,451 - root - INFO - running environment: None
2018-11-01 19:37:04,639 - root - INFO - running environment: None
2018-11-01 19:37:05,160 - root - INFO - running environment: None
2018-11-01 19:54:59,973 - root - INFO - running environment: None
2018-11-01 19:55:00,495 - root - INFO - running environment: None
2018-11-01 19:57:50,716 - root - INFO - running environment: None
2018-11-01 19:57:51,183 - root - INFO - running environment: None
2018-11-01 20:00:44,904 - root - INFO - running environment: None
2018-11-01 20:00:45,545 - root - INFO - running environment: None
2018-11-01 20:05:10,945 - root - INFO - running environment: None
2018-11-01 20:05:11,458 - root - INFO - running environment: None
2018-11-01 20:08:47,551 - root - INFO - running environment: None
2018-11-01 20:08:48,056 - root - INFO - running environment: None
2018-11-01 20:11:03,286 - root - INFO - running environment: None
2018-11-01 20:11:03,860 - root - INFO - running environment: None
2018-11-01 20:19:28,055 - root - INFO - running environment: None
2018-11-01 20:19:28,590 - root - INFO - running environment: None
2018-11-01 20:52:41,607 - root - INFO - running environment: None
2018-11-01 20:52:42,128 - root - INFO - running environment: None
2018-11-01 20:56:40,267 - root - INFO - running environment: None
2018-11-01 20:56:40,967 - root - INFO - running environment: None
2018-11-01 21:12:05,739 - root - INFO - running environment: None
2018-11-01 21:12:06,235 - root - INFO - running environment: None
2018-11-03 20:40:22,460 - root - INFO - running environment: None
2018-11-03 20:40:23,079 - root - INFO - running environment: None
2018-11-03 20:47:56,620 - root - INFO - running environment: None
2018-11-03 20:47:57,142 - root - INFO - running environment: None
2018-11-03 20:51:07,357 - root - INFO - running environment: None
2018-11-03 20:51:07,768 - root - INFO - running environment: None
2018-11-03 20:54:13,392 - root - INFO - running environment: None
2018-11-03 20:54:13,956 - root - INFO - running environment: None
2018-11-03 21:01:55,948 - root - INFO - running environment: None
2018-11-03 21:01:56,499 - root - INFO - running environment: None
2018-11-03 21:04:47,861 - root - ERROR - 404 Not Found: The requested URL was not found on the server.  If you entered the URL manually please check your spelling and try again.
2018-11-03 21:07:18,030 - root - INFO - running environment: None
2018-11-03 21:07:18,664 - root - INFO - running environment: None
2018-11-03 21:15:14,562 - root - INFO - running environment: None
2018-11-03 21:15:15,193 - root - INFO - running environment: None
2018-11-05 22:31:13,370 - root - INFO - running environment: None
2018-11-05 22:31:13,922 - root - INFO - running environment: None
